<?xml version="1.0" encoding="UTF-8"?>
<testng-results skipped="0" failed="0" ignored="0" total="2" passed="2">
  <reporter-output>
  </reporter-output>
  <suite name="Default suite" duration-ms="22095" started-at="2019-10-23T11:17:04 IST" finished-at="2019-10-23T11:17:26 IST">
    <groups>
    </groups>
    <test name="Default test" duration-ms="22095" started-at="2019-10-23T11:17:04 IST" finished-at="2019-10-23T11:17:26 IST">
      <class name="seleniumplus.ClassPackage.FirstPageInfo">
        <test-method status="PASS" signature="beforeTest()[pri:0, instance:seleniumplus.ClassPackage.FirstPageInfo@76707e36]" name="beforeTest" is-config="true" duration-ms="15767" started-at="2019-10-23T11:17:04 IST" finished-at="2019-10-23T11:17:20 IST">
          <reporter-output>
          </reporter-output>
        </test-method> <!-- beforeTest -->
        <test-method status="PASS" signature="testLoginLink()[pri:0, instance:seleniumplus.ClassPackage.FirstPageInfo@76707e36]" name="testLoginLink" duration-ms="2803" started-at="2019-10-23T11:17:20 IST" finished-at="2019-10-23T11:17:23 IST">
          <reporter-output>
          </reporter-output>
        </test-method> <!-- testLoginLink -->
        <test-method status="PASS" signature="testLoginInfo()[pri:0, instance:seleniumplus.ClassPackage.FirstPageInfo@76707e36]" name="testLoginInfo" duration-ms="3449" started-at="2019-10-23T11:17:23 IST" depends-on-methods="seleniumplus.ClassPackage.FirstPageInfo.testLoginLink" finished-at="2019-10-23T11:17:26 IST">
          <reporter-output>
          </reporter-output>
        </test-method> <!-- testLoginInfo -->
        <test-method status="PASS" signature="afterTest()[pri:0, instance:seleniumplus.ClassPackage.FirstPageInfo@76707e36]" name="afterTest" is-config="true" duration-ms="1" started-at="2019-10-23T11:17:26 IST" finished-at="2019-10-23T11:17:26 IST">
          <reporter-output>
          </reporter-output>
        </test-method> <!-- afterTest -->
      </class> <!-- seleniumplus.ClassPackage.FirstPageInfo -->
    </test> <!-- Default test -->
  </suite> <!-- Default suite -->
</testng-results>
