<?xml version="1.0" encoding="UTF-8"?>
<testng-results skipped="0" failed="0" ignored="0" total="1" passed="1">
  <reporter-output>
  </reporter-output>
  <suite name="Default suite" duration-ms="44939" started-at="2019-10-22T13:09:30 IST" finished-at="2019-10-22T13:10:15 IST">
    <groups>
    </groups>
    <test name="Default test" duration-ms="44939" started-at="2019-10-22T13:09:30 IST" finished-at="2019-10-22T13:10:15 IST">
      <class name="Example03">
        <test-method status="PASS" signature="keyboardArrow()[pri:0, instance:Example03@a7e666]" name="keyboardArrow" duration-ms="44880" started-at="2019-10-22T13:09:30 IST" finished-at="2019-10-22T13:10:14 IST">
          <reporter-output>
          </reporter-output>
        </test-method> <!-- keyboardArrow -->
      </class> <!-- Example03 -->
    </test> <!-- Default test -->
  </suite> <!-- Default suite -->
</testng-results>
